{
  "Cucumber Features": {
    "coverage": {
      "/Users/natalievolanto/nu-cs-software-studio-spring-26-homework-5-hw5/app/controllers/application_controller.rb": {
        "lines": [
          0,
          null,
          0,
          0
        ],
        "branches": {}
      },
      "/Users/natalievolanto/nu-cs-software-studio-spring-26-homework-5-hw5/app/controllers/todos_controller.rb": {
        "lines": [
          0,
          0,
          null,
          null,
          0,
          0,
          0,
          null,
          null,
          0,
          0,
          null,
          null,
          0,
          0,
          0,
          null,
          null,
          0,
          0,
          null,
          null,
          0,
          0,
          null,
          0,
          0,
          0,
          0,
          0,
          0,
          0,
          0,
          0,
          0,
          null,
          null,
          0,
          0,
          0,
          0,
          0,
          0,
          0,
          0,
          0,
          0,
          0,
          null,
          null,
          0,
          0,
          null,
          0,
          0,
          0,
          0,
          0,
          null,
          0,
          0,
          0,
          0,
          0,
          0,
          null,
          0,
          null,
          0,
          0,
          0,
          null,
          null,
          0,
          0,
          0,
          0
        ],
        "branches": {}
      },
      "/Users/natalievolanto/nu-cs-software-studio-spring-26-homework-5-hw5/app/helpers/application_helper.rb": {
        "lines": [
          0,
          0
        ],
        "branches": {}
      },
      "/Users/natalievolanto/nu-cs-software-studio-spring-26-homework-5-hw5/app/helpers/todos_helper.rb": {
        "lines": [
          0,
          0
        ],
        "branches": {}
      },
      "/Users/natalievolanto/nu-cs-software-studio-spring-26-homework-5-hw5/app/jobs/application_job.rb": {
        "lines": [
          0,
          null,
          null,
          null,
          null,
          null,
          0
        ],
        "branches": {}
      },
      "/Users/natalievolanto/nu-cs-software-studio-spring-26-homework-5-hw5/app/mailers/application_mailer.rb": {
        "lines": [
          0,
          0,
          0,
          0
        ],
        "branches": {}
      },
      "/Users/natalievolanto/nu-cs-software-studio-spring-26-homework-5-hw5/app/models/application_record.rb": {
        "lines": [
          0,
          0,
          0
        ],
        "branches": {}
      },
      "/Users/natalievolanto/nu-cs-software-studio-spring-26-homework-5-hw5/app/models/todo.rb": {
        "lines": [
          0,
          0
        ],
        "branches": {}
      }
    },
    "timestamp": 1781468036
  },
  "RSpec": {
    "coverage": {
      "/Users/natalievolanto/nu-cs-software-studio-spring-26-homework-5-hw5/app/helpers/application_helper.rb": {
        "lines": [
          1,
          null
        ]
      },
      "/Users/natalievolanto/nu-cs-software-studio-spring-26-homework-5-hw5/app/helpers/todos_helper.rb": {
        "lines": [
          1,
          null
        ]
      },
      "/Users/natalievolanto/nu-cs-software-studio-spring-26-homework-5-hw5/app/models/todo.rb": {
        "lines": [
          1,
          null
        ]
      },
      "/Users/natalievolanto/nu-cs-software-studio-spring-26-homework-5-hw5/app/models/application_record.rb": {
        "lines": [
          1,
          1,
          null
        ]
      },
      "/Users/natalievolanto/nu-cs-software-studio-spring-26-homework-5-hw5/app/controllers/todos_controller.rb": {
        "lines": [
          1,
          1,
          null,
          null,
          1,
          0,
          null,
          null,
          null,
          1,
          null,
          null,
          null,
          1,
          0,
          null,
          null,
          null,
          1,
          null,
          null,
          null,
          1,
          1,
          1,
          null,
          0,
          null,
          null,
          null,
          null,
          1,
          0,
          null,
          0,
          0,
          0,
          0,
          null,
          0,
          0,
          null,
          null,
          null,
          null,
          null,
          1,
          0,
          0,
          0,
          0,
          null,
          0,
          0,
          null,
          null,
          null,
          null,
          null,
          1,
          0,
          null,
          0,
          0,
          0,
          null,
          null,
          null,
          1,
          0,
          0,
          0,
          null,
          null,
          null,
          1,
          null,
          1,
          0,
          null,
          null,
          null,
          1,
          0,
          null,
          null
        ]
      },
      "/Users/natalievolanto/nu-cs-software-studio-spring-26-homework-5-hw5/app/controllers/application_controller.rb": {
        "lines": [
          1,
          null,
          1,
          null
        ]
      },
      "/Users/natalievolanto/nu-cs-software-studio-spring-26-homework-5-hw5/app/jobs/application_job.rb": {
        "lines": [
          0,
          null,
          null,
          null,
          null,
          null,
          0
        ],
        "branches": {}
      },
      "/Users/natalievolanto/nu-cs-software-studio-spring-26-homework-5-hw5/app/mailers/application_mailer.rb": {
        "lines": [
          0,
          0,
          0,
          0
        ],
        "branches": {}
      }
    },
    "timestamp": 1781469186
  }
}
